<?xml version="1.0" encoding="UTF-8"?>
<testng-results skipped="0" failed="0" total="1" passed="1">
  <reporter-output>
  </reporter-output>
  <suite name="Suite" duration-ms="59397" started-at="2016-02-09T11:07:25Z" finished-at="2016-02-09T11:08:25Z">
    <groups>
    </groups>
    <test name="Test" duration-ms="59397" started-at="2016-02-09T11:07:25Z" finished-at="2016-02-09T11:08:25Z">
      <class name="com.learnautomation.selenium.demo">
        <test-method status="PASS" signature="testhello()[pri:0, instance:com.learnautomation.selenium.demo@1a25848]" name="testhello" duration-ms="59374" started-at="2016-02-09T11:07:25Z" finished-at="2016-02-09T11:08:25Z">
        </test-method> <!-- testhello -->
      </class> <!-- com.learnautomation.selenium.demo -->
    </test> <!-- Test -->
  </suite> <!-- Suite -->
</testng-results>
